<?xml version="1.0" encoding="UTF-8"?>
<testsuite xmlns:xsi="http://www.w3.org/2001/XMLSchema-instance" xsi:noNamespaceSchemaLocation="https://maven.apache.org/surefire/maven-surefire-plugin/xsd/surefire-test-report-3.0.xsd" version="3.0" name="com.lhauspie.example.ClientLibraryTest" time="3.103" tests="5" errors="0" skipped="0" failures="0">
  <properties>
[...]
</properties>
  <testcase name="doesNotFailIfBusinessLogicResponseIsNotGood" classname="com.lhauspie.example.ClientLibraryTest" time="1.885">
    <system-err><![CDATA[SLF4J: Failed to load class "org.slf4j.impl.StaticLoggerBinder".
SLF4J: Defaulting to no-operation (NOP) logger implementation
SLF4J: See http://www.slf4j.org/codes.html#StaticLoggerBinder for further details.
]]></system-err>
  </testcase>
  <testcase name="executingBusinessLogicProvideEmptyResultWithErrors" classname="com.lhauspie.example.ClientLibraryTest" time="0.096"/>
  <testcase name="getBackInputParametersAsWarningsToCheckInputIsCorrectlyInterpreted" classname="com.lhauspie.example.ClientLibraryTest" time="0.179"/>
  <testcase name="executingBusinessLogicProvideNoResultWithErrorsAndWarnings" classname="com.lhauspie.example.ClientLibraryTest" time="0.079"/>
  <testcase name="executingBusinessLogicProvideResultWithoutErrorsNorWarnings" classname="com.lhauspie.example.ClientLibraryTest" time="0.072"/>
</testsuite>